<?xml version="1.0" encoding="UTF-8"?>
<testsuite xmlns:xsi="http://www.w3.org/2001/XMLSchema-instance" xsi:noNamespaceSchemaLocation="https://maven.apache.org/surefire/maven-surefire-plugin/xsd/surefire-test-report-3.0.xsd" version="3.0" name="aiss.videominer.Controllers.UserControllerTest" time="7.411" tests="5" errors="0" skipped="0" failures="0">
  <properties>
[...]
</properties>
  <testcase name="testUpdateUser" classname="aiss.videominer.Controllers.UserControllerTest" time="0.84">
    <system-out><![CDATA[14:05:11.611 [main] INFO org.springframework.test.context.support.AnnotationConfigContextLoaderUtils -- Could not detect default configuration classes for test class [aiss.videominer.Controllers.UserControllerTest]: UserControllerTest does not declare any static, non-private, non-final, nested classes annotated with @Configuration.
14:05:11.774 [main] INFO org.springframework.boot.test.context.SpringBootTestContextBootstrapper -- Found @SpringBootConfiguration aiss.videominer.VideominerApplication for test class aiss.videominer.Controllers.UserControllerTest

  .   ____          _            __ _ _
 /\\ / ___'_ __ _ _(_)_ __  __ _ \ \ \ \
( ( )\___ | '_ | '_| | '_ \/ _` | \ \ \ \
 \\/  ___)| |_)| | | | | || (_| |  ) ) ) )
  '  |____| .__|_| |_|_| |_\__, | / / / /
 =========|_|==============|___/=/_/_/_/
 :: Spring Boot ::                (v3.2.1)

2026-05-02T14:05:12.229+02:00  INFO 23084 --- [           main] a.v.Controllers.UserControllerTest       : Starting UserControllerTest using Java 21.0.9 with PID 23084 (started by berny in C:\Users\berny\Documents\AISS\VideoMinerTemplate26-main\VideoMinerTemplate26-main)
2026-05-02T14:05:12.232+02:00  INFO 23084 --- [           main] a.v.Controllers.UserControllerTest       : No active profile set, falling back to 1 default profile: "default"
2026-05-02T14:05:13.047+02:00  INFO 23084 --- [           main] .s.d.r.c.RepositoryConfigurationDelegate : Bootstrapping Spring Data JPA repositories in DEFAULT mode.
2026-05-02T14:05:13.119+02:00  INFO 23084 --- [           main] .s.d.r.c.RepositoryConfigurationDelegate : Finished Spring Data repository scanning in 63 ms. Found 5 JPA repository interfaces.
2026-05-02T14:05:13.777+02:00  INFO 23084 --- [           main] o.s.b.w.embedded.tomcat.TomcatWebServer  : Tomcat initialized with port 0 (http)
2026-05-02T14:05:13.795+02:00  INFO 23084 --- [           main] o.apache.catalina.core.StandardService   : Starting service [Tomcat]
2026-05-02T14:05:13.795+02:00  INFO 23084 --- [           main] o.apache.catalina.core.StandardEngine    : Starting Servlet engine: [Apache Tomcat/10.1.17]
2026-05-02T14:05:13.877+02:00  INFO 23084 --- [           main] o.a.c.c.C.[Tomcat].[localhost].[/]       : Initializing Spring embedded WebApplicationContext
2026-05-02T14:05:13.878+02:00  INFO 23084 --- [           main] w.s.c.ServletWebServerApplicationContext : Root WebApplicationContext: initialization completed in 1627 ms
2026-05-02T14:05:13.912+02:00  INFO 23084 --- [           main] com.zaxxer.hikari.HikariDataSource       : HikariPool-1 - Starting...
2026-05-02T14:05:14.142+02:00  INFO 23084 --- [           main] com.zaxxer.hikari.pool.HikariPool        : HikariPool-1 - Added connection conn0: url=jdbc:h2:mem:testdb user=SA
2026-05-02T14:05:14.145+02:00  INFO 23084 --- [           main] com.zaxxer.hikari.HikariDataSource       : HikariPool-1 - Start completed.
2026-05-02T14:05:14.156+02:00  INFO 23084 --- [           main] o.s.b.a.h2.H2ConsoleAutoConfiguration    : H2 console available at '/h2-ui'. Database available at 'jdbc:h2:mem:testdb'
2026-05-02T14:05:14.324+02:00  INFO 23084 --- [           main] o.hibernate.jpa.internal.util.LogHelper  : HHH000204: Processing PersistenceUnitInfo [name: default]
2026-05-02T14:05:14.411+02:00  INFO 23084 --- [           main] org.hibernate.Version                    : HHH000412: Hibernate ORM core version 6.4.1.Final
2026-05-02T14:05:14.460+02:00  INFO 23084 --- [           main] o.h.c.internal.RegionFactoryInitiator    : HHH000026: Second-level cache disabled
2026-05-02T14:05:14.745+02:00  INFO 23084 --- [           main] o.s.o.j.p.SpringPersistenceUnitInfo      : No LoadTimeWeaver setup: ignoring JPA class transformer
2026-05-02T14:05:14.807+02:00  WARN 23084 --- [           main] org.hibernate.orm.deprecation            : HHH90000025: H2Dialect does not need to be specified explicitly using 'hibernate.dialect' (remove the property setting and it will be selected by default)
2026-05-02T14:05:15.829+02:00  INFO 23084 --- [           main] o.h.e.t.j.p.i.JtaPlatformInitiator       : HHH000489: No JTA platform available (set 'hibernate.transaction.jta.platform' to enable JTA platform integration)
Hibernate: create table caption (id bigint not null, language varchar(255), name varchar(255), video_id bigint, primary key (id))
Hibernate: create table channel (id bigint not null, created_time varchar(255), description TEXT, name varchar(255), primary key (id))
Hibernate: create table comment (id bigint not null, created_on varchar(255), text TEXT, video_id bigint, primary key (id))
Hibernate: create table video (id bigint generated by default as identity, description TEXT, name varchar(255), release_time varchar(255), author_id bigint, channel_id bigint, primary key (id))
Hibernate: create table vmuser (id bigint not null, name varchar(255), picture_link varchar(255), user_link varchar(255), primary key (id))
Hibernate: alter table if exists video drop constraint if exists UK_qs2on7abslywv4qny9xaady2s
Hibernate: alter table if exists video add constraint UK_qs2on7abslywv4qny9xaady2s unique (author_id)
Hibernate: create sequence vmuser_seq start with 1 increment by 50
Hibernate: alter table if exists caption add constraint FKrvt383aj48j5rpmelw7uc5d63 foreign key (video_id) references video
Hibernate: alter table if exists comment add constraint FKbsuh08kv1lyh8v6ivufrollr6 foreign key (video_id) references video
Hibernate: alter table if exists video add constraint FKogld83d514rrrjae66graw27y foreign key (author_id) references vmuser
Hibernate: alter table if exists video add constraint FKfrbu2k83awmspohxv36yi6tgt foreign key (channel_id) references channel
2026-05-02T14:05:15.883+02:00  INFO 23084 --- [           main] j.LocalContainerEntityManagerFactoryBean : Initialized JPA EntityManagerFactory for persistence unit 'default'
2026-05-02T14:05:16.356+02:00  WARN 23084 --- [           main] JpaBaseConfiguration$JpaWebConfiguration : spring.jpa.open-in-view is enabled by default. Therefore, database queries may be performed during view rendering. Explicitly configure spring.jpa.open-in-view to disable this warning
2026-05-02T14:05:17.550+02:00  INFO 23084 --- [           main] o.s.b.w.embedded.tomcat.TomcatWebServer  : Tomcat started on port 60914 (http) with context path ''
2026-05-02T14:05:17.558+02:00  INFO 23084 --- [           main] a.v.Controllers.UserControllerTest       : Started UserControllerTest in 5.611 seconds (process running for 6.705)
2026-05-02T14:05:18.206+02:00  INFO 23084 --- [o-auto-1-exec-1] o.a.c.c.C.[Tomcat].[localhost].[/]       : Initializing Spring DispatcherServlet 'dispatcherServlet'
2026-05-02T14:05:18.207+02:00  INFO 23084 --- [o-auto-1-exec-1] o.s.web.servlet.DispatcherServlet        : Initializing Servlet 'dispatcherServlet'
2026-05-02T14:05:18.208+02:00  INFO 23084 --- [o-auto-1-exec-1] o.s.web.servlet.DispatcherServlet        : Completed initialization in 1 ms
Hibernate: select next value for vmuser_seq
Hibernate: insert into vmuser (name,picture_link,user_link,id) values (?,?,?,?)
Hibernate: select u1_0.id,u1_0.name,u1_0.picture_link,u1_0.user_link from vmuser u1_0 where u1_0.id=?
Hibernate: update vmuser set name=?,picture_link=?,user_link=? where id=?
Hibernate: select u1_0.id,u1_0.name,u1_0.picture_link,u1_0.user_link from vmuser u1_0 where u1_0.id=?
User{id='1', name='Ana actualizada', user_link='https://example.com/ana-updated', picture_link='https://example.com/ana-updated.jpg'}
]]></system-out>
    <system-err><![CDATA[WARNING: A Java agent has been loaded dynamically (C:\Users\berny\.m2\repository\net\bytebuddy\byte-buddy-agent\1.14.10\byte-buddy-agent-1.14.10.jar)
WARNING: If a serviceability tool is in use, please run with -XX:+EnableDynamicAgentLoading to hide this warning
WARNING: If a serviceability tool is not in use, please run with -Djdk.instrument.traceUsage for more information
WARNING: Dynamic loading of agents will be disallowed by default in a future release
]]></system-err>
  </testcase>
  <testcase name="getAllUsers" classname="aiss.videominer.Controllers.UserControllerTest" time="0.088">
    <system-out><![CDATA[Hibernate: select next value for vmuser_seq
Hibernate: insert into vmuser (name,picture_link,user_link,id) values (?,?,?,?)
Hibernate: select u1_0.id,u1_0.name,u1_0.picture_link,u1_0.user_link from vmuser u1_0
[User{id='1', name='Ana actualizada', user_link='https://example.com/ana-updated', picture_link='https://example.com/ana-updated.jpg'}, User{id='2', name='Ana', user_link='https://example.com/Ana', picture_link='https://example.com/Ana.jpg'}]
]]></system-out>
  </testcase>
  <testcase name="getUser" classname="aiss.videominer.Controllers.UserControllerTest" time="0.017">
    <system-out><![CDATA[Hibernate: insert into vmuser (name,picture_link,user_link,id) values (?,?,?,?)
Hibernate: select u1_0.id,u1_0.name,u1_0.picture_link,u1_0.user_link from vmuser u1_0 where u1_0.id=?
User{id='3', name='Ana', user_link='https://example.com/Ana', picture_link='https://example.com/Ana.jpg'}
]]></system-out>
  </testcase>
  <testcase name="testDeleteUser" classname="aiss.videominer.Controllers.UserControllerTest" time="0.292">
    <system-out><![CDATA[Hibernate: insert into vmuser (name,picture_link,user_link,id) values (?,?,?,?)
Hibernate: select count(*) from vmuser u1_0 where u1_0.id=?
Hibernate: select u1_0.id,u1_0.name,u1_0.picture_link,u1_0.user_link from vmuser u1_0 where u1_0.id=?
Hibernate: delete from vmuser where id=?
Hibernate: select u1_0.id,u1_0.name,u1_0.picture_link,u1_0.user_link from vmuser u1_0 where u1_0.id=?
]]></system-out>
  </testcase>
  <testcase name="testPostUser" classname="aiss.videominer.Controllers.UserControllerTest" time="0.025">
    <system-out><![CDATA[Hibernate: insert into vmuser (name,picture_link,user_link,id) values (?,?,?,?)
User{id='5', name='Luis', user_link='https://example.com/Luis', picture_link='https://example.com/Luis.jpg'}
]]></system-out>
  </testcase>
</testsuite>