<?xml version="1.0" encoding="UTF-8"?>
<testsuite xmlns:xsi="http://www.w3.org/2001/XMLSchema-instance" xsi:noNamespaceSchemaLocation="https://maven.apache.org/surefire/maven-surefire-plugin/xsd/surefire-test-report-3.0.xsd" version="3.0" name="aiss.videominer.Controllers.CaptionControllerTest" time="8.192" tests="5" errors="0" skipped="0" failures="0">
  <properties>
[...]
</properties>
  <testcase name="testDeleteCaption" classname="aiss.videominer.Controllers.CaptionControllerTest" time="1.175">
    <system-out><![CDATA[13:59:57.723 [main] INFO org.springframework.test.context.support.AnnotationConfigContextLoaderUtils -- Could not detect default configuration classes for test class [aiss.videominer.Controllers.CaptionControllerTest]: CaptionControllerTest does not declare any static, non-private, non-final, nested classes annotated with @Configuration.
13:59:57.901 [main] INFO org.springframework.boot.test.context.SpringBootTestContextBootstrapper -- Found @SpringBootConfiguration aiss.videominer.VideominerApplication for test class aiss.videominer.Controllers.CaptionControllerTest

  .   ____          _            __ _ _
 /\\ / ___'_ __ _ _(_)_ __  __ _ \ \ \ \
( ( )\___ | '_ | '_| | '_ \/ _` | \ \ \ \
 \\/  ___)| |_)| | | | | || (_| |  ) ) ) )
  '  |____| .__|_| |_|_| |_\__, | / / / /
 =========|_|==============|___/=/_/_/_/
 :: Spring Boot ::                (v3.2.1)

2026-05-05T13:59:58.310+02:00  INFO 15836 --- [           main] a.v.Controllers.CaptionControllerTest    : Starting CaptionControllerTest using Java 25.0.2 with PID 15836 (started by berny in C:\Users\berny\Documents\AISS\VideoMinerTemplate26-main\VideoMinerTemplate26-main)
2026-05-05T13:59:58.311+02:00  INFO 15836 --- [           main] a.v.Controllers.CaptionControllerTest    : No active profile set, falling back to 1 default profile: "default"
2026-05-05T13:59:59.227+02:00  INFO 15836 --- [           main] .s.d.r.c.RepositoryConfigurationDelegate : Bootstrapping Spring Data JPA repositories in DEFAULT mode.
2026-05-05T13:59:59.292+02:00  INFO 15836 --- [           main] .s.d.r.c.RepositoryConfigurationDelegate : Finished Spring Data repository scanning in 57 ms. Found 5 JPA repository interfaces.
2026-05-05T13:59:59.994+02:00  INFO 15836 --- [           main] o.s.b.w.embedded.tomcat.TomcatWebServer  : Tomcat initialized with port 0 (http)
2026-05-05T14:00:00.012+02:00  INFO 15836 --- [           main] o.apache.catalina.core.StandardService   : Starting service [Tomcat]
2026-05-05T14:00:00.012+02:00  INFO 15836 --- [           main] o.apache.catalina.core.StandardEngine    : Starting Servlet engine: [Apache Tomcat/10.1.17]
2026-05-05T14:00:00.106+02:00  INFO 15836 --- [           main] o.a.c.c.C.[Tomcat].[localhost].[/]       : Initializing Spring embedded WebApplicationContext
2026-05-05T14:00:00.107+02:00  INFO 15836 --- [           main] w.s.c.ServletWebServerApplicationContext : Root WebApplicationContext: initialization completed in 1773 ms
2026-05-05T14:00:00.156+02:00  INFO 15836 --- [           main] com.zaxxer.hikari.HikariDataSource       : HikariPool-1 - Starting...
2026-05-05T14:00:00.573+02:00  INFO 15836 --- [           main] com.zaxxer.hikari.pool.HikariPool        : HikariPool-1 - Added connection conn0: url=jdbc:h2:mem:testdb user=SA
2026-05-05T14:00:00.575+02:00  INFO 15836 --- [           main] com.zaxxer.hikari.HikariDataSource       : HikariPool-1 - Start completed.
2026-05-05T14:00:00.587+02:00  INFO 15836 --- [           main] o.s.b.a.h2.H2ConsoleAutoConfiguration    : H2 console available at '/h2-ui'. Database available at 'jdbc:h2:mem:testdb'
2026-05-05T14:00:00.768+02:00  INFO 15836 --- [           main] o.hibernate.jpa.internal.util.LogHelper  : HHH000204: Processing PersistenceUnitInfo [name: default]
2026-05-05T14:00:00.844+02:00  INFO 15836 --- [           main] org.hibernate.Version                    : HHH000412: Hibernate ORM core version 6.4.1.Final
2026-05-05T14:00:00.895+02:00  INFO 15836 --- [           main] o.h.c.internal.RegionFactoryInitiator    : HHH000026: Second-level cache disabled
2026-05-05T14:00:01.196+02:00  INFO 15836 --- [           main] o.s.o.j.p.SpringPersistenceUnitInfo      : No LoadTimeWeaver setup: ignoring JPA class transformer
2026-05-05T14:00:01.254+02:00  WARN 15836 --- [           main] org.hibernate.orm.deprecation            : HHH90000025: H2Dialect does not need to be specified explicitly using 'hibernate.dialect' (remove the property setting and it will be selected by default)
2026-05-05T14:00:02.305+02:00  INFO 15836 --- [           main] o.h.e.t.j.p.i.JtaPlatformInitiator       : HHH000489: No JTA platform available (set 'hibernate.transaction.jta.platform' to enable JTA platform integration)
Hibernate: create table caption (id varchar(255) not null, language varchar(255), name varchar(255), video_id varchar(255), primary key (id))
Hibernate: create table channel (id varchar(255) not null, created_time varchar(255), description TEXT, name varchar(255), primary key (id))
Hibernate: create table comment (id varchar(255) not null, created_on varchar(255), text TEXT, video_id varchar(255), primary key (id))
Hibernate: create table video (id varchar(255) not null, description TEXT, name varchar(255), release_time varchar(255), author_id varchar(255), channel_id varchar(255), primary key (id))
Hibernate: create table vmuser (id varchar(255) not null, name varchar(255), picture_link varchar(255), user_link varchar(255), primary key (id))
Hibernate: alter table if exists video drop constraint if exists UK_qs2on7abslywv4qny9xaady2s
Hibernate: alter table if exists video add constraint UK_qs2on7abslywv4qny9xaady2s unique (author_id)
Hibernate: alter table if exists caption add constraint FKrvt383aj48j5rpmelw7uc5d63 foreign key (video_id) references video
Hibernate: alter table if exists comment add constraint FKbsuh08kv1lyh8v6ivufrollr6 foreign key (video_id) references video
Hibernate: alter table if exists video add constraint FKogld83d514rrrjae66graw27y foreign key (author_id) references vmuser
Hibernate: alter table if exists video add constraint FKfrbu2k83awmspohxv36yi6tgt foreign key (channel_id) references channel
2026-05-05T14:00:02.380+02:00  INFO 15836 --- [           main] j.LocalContainerEntityManagerFactoryBean : Initialized JPA EntityManagerFactory for persistence unit 'default'
2026-05-05T14:00:03.011+02:00  WARN 15836 --- [           main] JpaBaseConfiguration$JpaWebConfiguration : spring.jpa.open-in-view is enabled by default. Therefore, database queries may be performed during view rendering. Explicitly configure spring.jpa.open-in-view to disable this warning
2026-05-05T14:00:04.256+02:00  INFO 15836 --- [           main] o.s.b.w.embedded.tomcat.TomcatWebServer  : Tomcat started on port 58985 (http) with context path ''
2026-05-05T14:00:04.270+02:00  INFO 15836 --- [           main] a.v.Controllers.CaptionControllerTest    : Started CaptionControllerTest in 6.23 seconds (process running for 7.496)
2026-05-05T14:00:04.789+02:00  INFO 15836 --- [o-auto-1-exec-1] o.a.c.c.C.[Tomcat].[localhost].[/]       : Initializing Spring DispatcherServlet 'dispatcherServlet'
2026-05-05T14:00:04.789+02:00  INFO 15836 --- [o-auto-1-exec-1] o.s.web.servlet.DispatcherServlet        : Initializing Servlet 'dispatcherServlet'
2026-05-05T14:00:04.789+02:00  INFO 15836 --- [o-auto-1-exec-1] o.s.web.servlet.DispatcherServlet        : Completed initialization in 0 ms
Hibernate: select c1_0.id,c1_0.created_time,c1_0.description,c1_0.name,v1_0.channel_id,v1_0.id,a1_0.id,a1_0.name,a1_0.picture_link,a1_0.user_link,v1_0.description,v1_0.name,v1_0.release_time from channel c1_0 left join video v1_0 on c1_0.id=v1_0.channel_id left join vmuser a1_0 on a1_0.id=v1_0.author_id where c1_0.id=?
Hibernate: insert into channel (created_time,description,name,id) values (?,?,?,?)
Hibernate: select c1_0.id,c1_0.created_time,c1_0.description,c1_0.name from channel c1_0 where c1_0.id=?
Hibernate: select v1_0.channel_id,v1_0.id,a1_0.id,a1_0.name,a1_0.picture_link,a1_0.user_link,v1_0.description,v1_0.name,v1_0.release_time from video v1_0 left join vmuser a1_0 on a1_0.id=v1_0.author_id where v1_0.channel_id=?
Hibernate: select v1_0.id,a1_0.id,a1_0.name,a1_0.picture_link,a1_0.user_link,v1_0.description,v1_0.name,v1_0.release_time,c1_0.video_id,c1_0.id,c1_0.language,c1_0.name from video v1_0 left join vmuser a1_0 on a1_0.id=v1_0.author_id left join caption c1_0 on v1_0.id=c1_0.video_id where v1_0.id=?
Hibernate: insert into video (author_id,description,name,release_time,id) values (?,?,?,?,?)
Hibernate: update video set channel_id=? where id=?
Hibernate: select v1_0.id,a1_0.id,a1_0.name,a1_0.picture_link,a1_0.user_link,v1_0.description,v1_0.name,v1_0.release_time from video v1_0 left join vmuser a1_0 on a1_0.id=v1_0.author_id where v1_0.id=?
Hibernate: select c1_0.video_id,c1_0.id,c1_0.language,c1_0.name from caption c1_0 where c1_0.video_id=?
Hibernate: select c1_0.id,c1_0.language,c1_0.name from caption c1_0 where c1_0.id=?
Hibernate: insert into caption (language,name,id) values (?,?,?)
Hibernate: update caption set video_id=? where id=?
Hibernate: select count(*) from caption c1_0 where c1_0.id=?
Hibernate: select c1_0.id,c1_0.language,c1_0.name from caption c1_0 where c1_0.id=?
Hibernate: delete from caption where id=?
]]></system-out>
    <system-err><![CDATA[WARNING: A Java agent has been loaded dynamically (C:\Users\berny\.m2\repository\net\bytebuddy\byte-buddy-agent\1.14.10\byte-buddy-agent-1.14.10.jar)
WARNING: If a serviceability tool is in use, please run with -XX:+EnableDynamicAgentLoading to hide this warning
WARNING: If a serviceability tool is not in use, please run with -Djdk.instrument.traceUsage for more information
WARNING: Dynamic loading of agents will be disallowed by default in a future release
]]></system-err>
  </testcase>
  <testcase name="getAllCaptions" classname="aiss.videominer.Controllers.CaptionControllerTest" time="0.094">
    <system-out><![CDATA[Hibernate: select c1_0.id,c1_0.created_time,c1_0.description,c1_0.name,v1_0.channel_id,v1_0.id,a1_0.id,a1_0.name,a1_0.picture_link,a1_0.user_link,v1_0.description,v1_0.name,v1_0.release_time from channel c1_0 left join video v1_0 on c1_0.id=v1_0.channel_id left join vmuser a1_0 on a1_0.id=v1_0.author_id where c1_0.id=?
Hibernate: insert into channel (created_time,description,name,id) values (?,?,?,?)
Hibernate: select c1_0.id,c1_0.created_time,c1_0.description,c1_0.name from channel c1_0 where c1_0.id=?
Hibernate: select v1_0.channel_id,v1_0.id,a1_0.id,a1_0.name,a1_0.picture_link,a1_0.user_link,v1_0.description,v1_0.name,v1_0.release_time from video v1_0 left join vmuser a1_0 on a1_0.id=v1_0.author_id where v1_0.channel_id=?
Hibernate: select v1_0.id,a1_0.id,a1_0.name,a1_0.picture_link,a1_0.user_link,v1_0.description,v1_0.name,v1_0.release_time,c1_0.video_id,c1_0.id,c1_0.language,c1_0.name from video v1_0 left join vmuser a1_0 on a1_0.id=v1_0.author_id left join caption c1_0 on v1_0.id=c1_0.video_id where v1_0.id=?
Hibernate: insert into video (author_id,description,name,release_time,id) values (?,?,?,?,?)
Hibernate: update video set channel_id=? where id=?
Hibernate: select v1_0.id,a1_0.id,a1_0.name,a1_0.picture_link,a1_0.user_link,v1_0.description,v1_0.name,v1_0.release_time from video v1_0 left join vmuser a1_0 on a1_0.id=v1_0.author_id where v1_0.id=?
Hibernate: select c1_0.video_id,c1_0.id,c1_0.language,c1_0.name from caption c1_0 where c1_0.video_id=?
Hibernate: select c1_0.id,c1_0.language,c1_0.name from caption c1_0 where c1_0.id=?
Hibernate: insert into caption (language,name,id) values (?,?,?)
Hibernate: update caption set video_id=? where id=?
Hibernate: select c1_0.id,c1_0.language,c1_0.name from caption c1_0 offset ? rows fetch first ? rows only
[Caption{id='1c1b024a-a730-481a-b5fb-a25930b211c5', name='Subtitulo demo', language='es'}]
]]></system-out>
  </testcase>
  <testcase name="testPostCaption" classname="aiss.videominer.Controllers.CaptionControllerTest" time="0.059">
    <system-out><![CDATA[Hibernate: select c1_0.id,c1_0.created_time,c1_0.description,c1_0.name,v1_0.channel_id,v1_0.id,a1_0.id,a1_0.name,a1_0.picture_link,a1_0.user_link,v1_0.description,v1_0.name,v1_0.release_time from channel c1_0 left join video v1_0 on c1_0.id=v1_0.channel_id left join vmuser a1_0 on a1_0.id=v1_0.author_id where c1_0.id=?
Hibernate: insert into channel (created_time,description,name,id) values (?,?,?,?)
Hibernate: select c1_0.id,c1_0.created_time,c1_0.description,c1_0.name from channel c1_0 where c1_0.id=?
Hibernate: select v1_0.channel_id,v1_0.id,a1_0.id,a1_0.name,a1_0.picture_link,a1_0.user_link,v1_0.description,v1_0.name,v1_0.release_time from video v1_0 left join vmuser a1_0 on a1_0.id=v1_0.author_id where v1_0.channel_id=?
Hibernate: select v1_0.id,a1_0.id,a1_0.name,a1_0.picture_link,a1_0.user_link,v1_0.description,v1_0.name,v1_0.release_time,c1_0.video_id,c1_0.id,c1_0.language,c1_0.name from video v1_0 left join vmuser a1_0 on a1_0.id=v1_0.author_id left join caption c1_0 on v1_0.id=c1_0.video_id where v1_0.id=?
Hibernate: insert into video (author_id,description,name,release_time,id) values (?,?,?,?,?)
Hibernate: update video set channel_id=? where id=?
Hibernate: select v1_0.id,a1_0.id,a1_0.name,a1_0.picture_link,a1_0.user_link,v1_0.description,v1_0.name,v1_0.release_time from video v1_0 left join vmuser a1_0 on a1_0.id=v1_0.author_id where v1_0.id=?
Hibernate: select c1_0.video_id,c1_0.id,c1_0.language,c1_0.name from caption c1_0 where c1_0.video_id=?
Hibernate: select c1_0.id,c1_0.language,c1_0.name from caption c1_0 where c1_0.id=?
Hibernate: insert into caption (language,name,id) values (?,?,?)
Hibernate: update caption set video_id=? where id=?
Caption{id='50a12b56-3adc-40fd-bbeb-6f332abd3c8c', name='Subtitulo nuevo', language='es'}
]]></system-out>
  </testcase>
  <testcase name="testUpdateCaption" classname="aiss.videominer.Controllers.CaptionControllerTest" time="0.074">
    <system-out><![CDATA[Hibernate: select c1_0.id,c1_0.created_time,c1_0.description,c1_0.name,v1_0.channel_id,v1_0.id,a1_0.id,a1_0.name,a1_0.picture_link,a1_0.user_link,v1_0.description,v1_0.name,v1_0.release_time from channel c1_0 left join video v1_0 on c1_0.id=v1_0.channel_id left join vmuser a1_0 on a1_0.id=v1_0.author_id where c1_0.id=?
Hibernate: insert into channel (created_time,description,name,id) values (?,?,?,?)
Hibernate: select c1_0.id,c1_0.created_time,c1_0.description,c1_0.name from channel c1_0 where c1_0.id=?
Hibernate: select v1_0.channel_id,v1_0.id,a1_0.id,a1_0.name,a1_0.picture_link,a1_0.user_link,v1_0.description,v1_0.name,v1_0.release_time from video v1_0 left join vmuser a1_0 on a1_0.id=v1_0.author_id where v1_0.channel_id=?
Hibernate: select v1_0.id,a1_0.id,a1_0.name,a1_0.picture_link,a1_0.user_link,v1_0.description,v1_0.name,v1_0.release_time,c1_0.video_id,c1_0.id,c1_0.language,c1_0.name from video v1_0 left join vmuser a1_0 on a1_0.id=v1_0.author_id left join caption c1_0 on v1_0.id=c1_0.video_id where v1_0.id=?
Hibernate: insert into video (author_id,description,name,release_time,id) values (?,?,?,?,?)
Hibernate: update video set channel_id=? where id=?
Hibernate: select v1_0.id,a1_0.id,a1_0.name,a1_0.picture_link,a1_0.user_link,v1_0.description,v1_0.name,v1_0.release_time from video v1_0 left join vmuser a1_0 on a1_0.id=v1_0.author_id where v1_0.id=?
Hibernate: select c1_0.video_id,c1_0.id,c1_0.language,c1_0.name from caption c1_0 where c1_0.video_id=?
Hibernate: select c1_0.id,c1_0.language,c1_0.name from caption c1_0 where c1_0.id=?
Hibernate: insert into caption (language,name,id) values (?,?,?)
Hibernate: update caption set video_id=? where id=?
Hibernate: select c1_0.id,c1_0.language,c1_0.name from caption c1_0 where c1_0.id=?
Hibernate: update caption set language=?,name=? where id=?
Hibernate: select c1_0.id,c1_0.language,c1_0.name from caption c1_0 where c1_0.id=?
Caption{id='32c279f7-9890-4f54-b7e8-1600c19bffe9', name='Subtitulo actualizado', language='en'}
]]></system-out>
  </testcase>
  <testcase name="getCaption" classname="aiss.videominer.Controllers.CaptionControllerTest" time="0.054">
    <system-out><![CDATA[Hibernate: select c1_0.id,c1_0.created_time,c1_0.description,c1_0.name,v1_0.channel_id,v1_0.id,a1_0.id,a1_0.name,a1_0.picture_link,a1_0.user_link,v1_0.description,v1_0.name,v1_0.release_time from channel c1_0 left join video v1_0 on c1_0.id=v1_0.channel_id left join vmuser a1_0 on a1_0.id=v1_0.author_id where c1_0.id=?
Hibernate: insert into channel (created_time,description,name,id) values (?,?,?,?)
Hibernate: select c1_0.id,c1_0.created_time,c1_0.description,c1_0.name from channel c1_0 where c1_0.id=?
Hibernate: select v1_0.channel_id,v1_0.id,a1_0.id,a1_0.name,a1_0.picture_link,a1_0.user_link,v1_0.description,v1_0.name,v1_0.release_time from video v1_0 left join vmuser a1_0 on a1_0.id=v1_0.author_id where v1_0.channel_id=?
Hibernate: select v1_0.id,a1_0.id,a1_0.name,a1_0.picture_link,a1_0.user_link,v1_0.description,v1_0.name,v1_0.release_time,c1_0.video_id,c1_0.id,c1_0.language,c1_0.name from video v1_0 left join vmuser a1_0 on a1_0.id=v1_0.author_id left join caption c1_0 on v1_0.id=c1_0.video_id where v1_0.id=?
Hibernate: insert into video (author_id,description,name,release_time,id) values (?,?,?,?,?)
Hibernate: update video set channel_id=? where id=?
Hibernate: select v1_0.id,a1_0.id,a1_0.name,a1_0.picture_link,a1_0.user_link,v1_0.description,v1_0.name,v1_0.release_time from video v1_0 left join vmuser a1_0 on a1_0.id=v1_0.author_id where v1_0.id=?
Hibernate: select c1_0.video_id,c1_0.id,c1_0.language,c1_0.name from caption c1_0 where c1_0.video_id=?
Hibernate: select c1_0.id,c1_0.language,c1_0.name from caption c1_0 where c1_0.id=?
Hibernate: insert into caption (language,name,id) values (?,?,?)
Hibernate: update caption set video_id=? where id=?
Hibernate: select c1_0.id,c1_0.language,c1_0.name from caption c1_0 where c1_0.id=?
Caption{id='59b61804-3501-434f-8a96-f455029dc602', name='Subtitulo demo', language='es'}
]]></system-out>
  </testcase>
</testsuite>